Arguments: 
  /usr/local/Cellar/node/12.10.0/bin/node /usr/local/Cellar/yarn/1.17.3/libexec/bin/yarn.js test

PATH: 
  /Users/frobles/.pyenv/shims:/usr/local/sbin:/Library/Frameworks/Python.framework/Versions/3.8/bin:/usr/local/bin:/usr/bin:/bin:/usr/sbin:/sbin:/Library/TeX/texbin:/Users/frobles/.pyenv/shims:/usr/local/sbin:/Library/Frameworks/Python.framework/Versions/3.8/bin:/usr/local/Cellar/rabbitmq/3.8.1/sbin/:/usr/local/Cellar/node/12.10.0/lib/node_modules/wscat/bin/:/usr/local/Cellar/rabbitmq/3.8.1/sbin/:/usr/local/Cellar/node/12.10.0/lib/node_modules/wscat/bin/

Yarn version: 
  1.17.3

Node version: 
  12.10.0

Platform: 
  darwin x64

Trace: 
  SyntaxError: /Users/frobles/Documents/Proyectos/2019-ServerlessVsExpress/sections/CompleteMiniApp/aws-app/backend/package.json: Unexpected token } in JSON at position 1001
      at JSON.parse (<anonymous>)
      at /usr/local/Cellar/yarn/1.17.3/libexec/lib/cli.js:1625:59
      at Generator.next (<anonymous>)
      at step (/usr/local/Cellar/yarn/1.17.3/libexec/lib/cli.js:304:30)
      at /usr/local/Cellar/yarn/1.17.3/libexec/lib/cli.js:315:13

npm manifest: 
  {
      "name": "backend-complete-mini-app-aws-lambda",
      "version": "1.0.0",
      "description": "Complete Mini App AWS Backend.",
      "license": "Apache-2.0",
      "scripts": {
          "deploy-complete": "npm run create-bucket && npm run sam-package && npm run sam-deploy",
          "create-bucket": "aws s3api create-bucket --bucket complete-mini-app-bucket --create-bucket-configuration LocationConstraint=eu-west-2",
          "sam-package": "sam package --template-file app.yaml --s3-bucket complete-mini-app-bucket --output-template-file packaged-template.yaml",
          "sam-deploy": "sam deploy --template-file packaged-template.yaml --stack-name complete-miniapp-stack --capabilities CAPABILITY_IAM CAPABILITY_AUTO_EXPAND --debug",
          "sam-delete-stack": "aws cloudformation wait stack-delete-complete --stack-name complete-miniapp-stack && aws s3 rb s3://complete-mini-app-bucket --force",
          "test": "jest --config=jest.config.js --verbose",
          "test:watch": "jest --watch",
      },
      "devDependencies": {
          "aws-sdk": "^2.643.0",
          "jest": "^25.1.0"
      }
  }

yarn manifest: 
  No manifest

Lockfile: 
  No lockfile
